[2020-09-08 18:20:40.162] [jointLog] [info] setting maxHashResizeThreads to 1
[2020-09-08 18:20:40.162] [jointLog] [info] Fragment incompatibility prior below threshold.  Incompatible fragments will be ignored.
[2020-09-08 18:20:40.162] [jointLog] [info] Usage of --validateMappings implies use of minScoreFraction. Since not explicitly specified, it is being set to 0.65
[2020-09-08 18:20:40.162] [jointLog] [info] Usage of --validateMappings implies a default consensus slack of 0.2. Setting consensusSlack to 0.35.
[2020-09-08 18:20:40.162] [jointLog] [info] parsing read library format
[2020-09-08 18:20:40.162] [jointLog] [info] There is 1 library.
[2020-09-08 18:20:40.234] [jointLog] [info] Loading pufferfish index
[2020-09-08 18:20:40.234] [jointLog] [info] Loading dense pufferfish index.
[2020-09-08 18:20:41.950] [jointLog] [info] done
[2020-09-08 18:20:41.950] [jointLog] [info] Index contained 228,754 targets
[2020-09-08 18:20:42.016] [jointLog] [info] Number of decoys : 0
[2020-09-08 18:20:42.632] [jointLog] [info] Automatically detected most likely library type as SR
[2020-09-08 18:35:03.392] [jointLog] [info] Thread saw mini-batch with a maximum of 3.53% zero probability fragments
[2020-09-08 18:35:03.560] [jointLog] [info] Computed 311,326 rich equivalence classes for further processing
[2020-09-08 18:35:03.560] [jointLog] [info] Counted 21,805,489 total reads in the equivalence classes 
[2020-09-08 18:35:03.562] [jointLog] [info] Number of mappings discarded because of alignment score : 35,696,079
[2020-09-08 18:35:03.562] [jointLog] [info] Number of fragments entirely discarded because of alignment score : 761,056
[2020-09-08 18:35:03.562] [jointLog] [info] Number of fragments discarded because they are best-mapped to decoys : 0
[2020-09-08 18:35:03.562] [jointLog] [info] Number of fragments discarded because they have only dovetail (discordant) mappings to valid targets : 0
[2020-09-08 18:35:03.562] [jointLog] [info] Mapping rate = 89.7827%

[2020-09-08 18:35:03.562] [jointLog] [info] finished quantifyLibrary()
[2020-09-08 18:35:03.567] [jointLog] [info] Starting optimizer
[2020-09-08 18:35:03.726] [jointLog] [info] Marked 0 weighted equivalence classes as degenerate
[2020-09-08 18:35:03.792] [jointLog] [info] iteration = 0 | max rel diff. = 5368.92
[2020-09-08 18:35:03.561] [fileLog] [info] 
At end of round 0
==================
Observed 24286949 total fragments (24286949 in most recent round)

[2020-09-08 18:35:09.768] [jointLog] [info] iteration = 100 | max rel diff. = 13.0719
[2020-09-08 18:35:15.929] [jointLog] [info] iteration = 200 | max rel diff. = 5.62947
[2020-09-08 18:35:22.197] [jointLog] [info] iteration = 300 | max rel diff. = 4.77706
[2020-09-08 18:35:28.193] [jointLog] [info] iteration = 400 | max rel diff. = 20.3054
[2020-09-08 18:35:34.433] [jointLog] [info] iteration = 500 | max rel diff. = 4.34272
[2020-09-08 18:35:40.463] [jointLog] [info] iteration = 600 | max rel diff. = 0.0977665
[2020-09-08 18:35:46.413] [jointLog] [info] iteration = 700 | max rel diff. = 0.103662
[2020-09-08 18:35:52.358] [jointLog] [info] iteration = 800 | max rel diff. = 0.142103
[2020-09-08 18:35:58.321] [jointLog] [info] iteration = 900 | max rel diff. = 0.266404
[2020-09-08 18:36:04.293] [jointLog] [info] iteration = 1,000 | max rel diff. = 0.125786
[2020-09-08 18:36:10.251] [jointLog] [info] iteration = 1,100 | max rel diff. = 14.3305
[2020-09-08 18:36:16.282] [jointLog] [info] iteration = 1,200 | max rel diff. = 0.197206
[2020-09-08 18:36:22.224] [jointLog] [info] iteration = 1,300 | max rel diff. = 0.0982091
[2020-09-08 18:36:28.181] [jointLog] [info] iteration = 1,400 | max rel diff. = 0.0272178
[2020-09-08 18:36:34.367] [jointLog] [info] iteration = 1,500 | max rel diff. = 0.0676108
[2020-09-08 18:36:35.145] [jointLog] [info] iteration = 1,514 | max rel diff. = 0.00723238
[2020-09-08 18:36:35.175] [jointLog] [info] Finished optimizer
[2020-09-08 18:36:35.175] [jointLog] [info] writing output 

