[2020-09-08 17:56:02.286] [jointLog] [info] setting maxHashResizeThreads to 1
[2020-09-08 17:56:02.286] [jointLog] [info] Fragment incompatibility prior below threshold.  Incompatible fragments will be ignored.
[2020-09-08 17:56:02.286] [jointLog] [info] Usage of --validateMappings implies use of minScoreFraction. Since not explicitly specified, it is being set to 0.65
[2020-09-08 17:56:02.286] [jointLog] [info] Usage of --validateMappings implies a default consensus slack of 0.2. Setting consensusSlack to 0.35.
[2020-09-08 17:56:02.286] [jointLog] [info] parsing read library format
[2020-09-08 17:56:02.286] [jointLog] [info] There is 1 library.
[2020-09-08 17:56:02.361] [jointLog] [info] Loading pufferfish index
[2020-09-08 17:56:02.361] [jointLog] [info] Loading dense pufferfish index.
[2020-09-08 17:56:08.490] [jointLog] [info] done
[2020-09-08 17:56:08.490] [jointLog] [info] Index contained 228,754 targets
[2020-09-08 17:56:08.555] [jointLog] [info] Number of decoys : 0
[2020-09-08 17:56:09.165] [jointLog] [info] Automatically detected most likely library type as SR
[2020-09-08 18:06:40.954] [jointLog] [info] Thread saw mini-batch with a maximum of 7.00% zero probability fragments
[2020-09-08 18:06:41.115] [jointLog] [info] Computed 284,079 rich equivalence classes for further processing
[2020-09-08 18:06:41.115] [jointLog] [info] Counted 15,115,511 total reads in the equivalence classes 
[2020-09-08 18:06:41.116] [jointLog] [info] Number of mappings discarded because of alignment score : 25,680,748
[2020-09-08 18:06:41.116] [jointLog] [info] Number of fragments entirely discarded because of alignment score : 500,777
[2020-09-08 18:06:41.116] [jointLog] [info] Number of fragments discarded because they are best-mapped to decoys : 0
[2020-09-08 18:06:41.116] [jointLog] [info] Number of fragments discarded because they have only dovetail (discordant) mappings to valid targets : 0
[2020-09-08 18:06:41.116] [jointLog] [info] Mapping rate = 88.8961%

[2020-09-08 18:06:41.116] [jointLog] [info] finished quantifyLibrary()
[2020-09-08 18:06:41.117] [jointLog] [info] Starting optimizer
[2020-09-08 18:06:41.271] [jointLog] [info] Marked 0 weighted equivalence classes as degenerate
[2020-09-08 18:06:41.335] [jointLog] [info] iteration = 0 | max rel diff. = 4600.08
[2020-09-08 18:06:41.115] [fileLog] [info] 
At end of round 0
==================
Observed 17003573 total fragments (17003573 in most recent round)

[2020-09-08 18:06:47.018] [jointLog] [info] iteration = 100 | max rel diff. = 18.4165
[2020-09-08 18:06:52.715] [jointLog] [info] iteration = 200 | max rel diff. = 18.4416
[2020-09-08 18:06:58.432] [jointLog] [info] iteration = 300 | max rel diff. = 14.4984
[2020-09-08 18:07:04.180] [jointLog] [info] iteration = 400 | max rel diff. = 10.6837
[2020-09-08 18:07:09.886] [jointLog] [info] iteration = 500 | max rel diff. = 11.4521
[2020-09-08 18:07:15.550] [jointLog] [info] iteration = 600 | max rel diff. = 0.873504
[2020-09-08 18:07:21.266] [jointLog] [info] iteration = 700 | max rel diff. = 0.364429
[2020-09-08 18:07:27.262] [jointLog] [info] iteration = 800 | max rel diff. = 0.247154
[2020-09-08 18:07:32.954] [jointLog] [info] iteration = 900 | max rel diff. = 0.258582
[2020-09-08 18:07:38.613] [jointLog] [info] iteration = 1,000 | max rel diff. = 0.0295047
[2020-09-08 18:07:44.290] [jointLog] [info] iteration = 1,100 | max rel diff. = 0.106486
[2020-09-08 18:07:49.961] [jointLog] [info] iteration = 1,200 | max rel diff. = 0.097577
[2020-09-08 18:07:55.667] [jointLog] [info] iteration = 1,300 | max rel diff. = 0.549469
[2020-09-08 18:08:01.242] [jointLog] [info] iteration = 1,400 | max rel diff. = 0.17414
[2020-09-08 18:08:06.962] [jointLog] [info] iteration = 1,500 | max rel diff. = 0.0486808
[2020-09-08 18:08:12.649] [jointLog] [info] iteration = 1,600 | max rel diff. = 0.0404085
[2020-09-08 18:08:18.307] [jointLog] [info] iteration = 1,700 | max rel diff. = 0.0110944
[2020-09-08 18:08:24.162] [jointLog] [info] iteration = 1,800 | max rel diff. = 0.0336885
[2020-09-08 18:08:25.905] [jointLog] [info] iteration = 1,831 | max rel diff. = 0.0048037
[2020-09-08 18:08:25.935] [jointLog] [info] Finished optimizer
[2020-09-08 18:08:25.935] [jointLog] [info] writing output 

